<?xml version="1.0" encoding="UTF-8"?>
<!-- Generated by org.testng.reporters.JUnitXMLReporter -->
<testsuite hostname="DESKTOPOFREJA" ignored="0" name="profile test with ie browser" tests="10" failures="10" timestamp="08 Aug 2018 01:17:52 GMT" time="2.193" errors="0">
  <testcase name="ProfileTestEight" time="0.004" classname="net.student.demo.profile.ProfileTests">
    <failure type="java.lang.NullPointerException">
      <![CDATA[java.lang.NullPointerException
at net.timeandtraining.framework.UI.openURL(UI.java:20)
at net.student.demo.profile.ProfileTests.ProfileTestEight(ProfileTests.java:41)
at java.util.concurrent.FutureTask.run(FutureTask.java:266)
at java.util.concurrent.ThreadPoolExecutor.runWorker(ThreadPoolExecutor.java:1149)
at java.util.concurrent.ThreadPoolExecutor$Worker.run(ThreadPoolExecutor.java:624)
at java.lang.Thread.run(Thread.java:748)
... Removed 16 stack frames]]>
    </failure>
  </testcase> <!-- ProfileTestEight -->
  <testcase name="ProfileTestFive" time="0.001" classname="net.student.demo.profile.ProfileTests">
    <failure type="java.lang.NullPointerException">
      <![CDATA[java.lang.NullPointerException
at net.timeandtraining.framework.UI.openURL(UI.java:20)
at net.student.demo.profile.ProfileTests.ProfileTestFive(ProfileTests.java:29)
at java.util.concurrent.FutureTask.run(FutureTask.java:266)
at java.util.concurrent.ThreadPoolExecutor.runWorker(ThreadPoolExecutor.java:1149)
at java.util.concurrent.ThreadPoolExecutor$Worker.run(ThreadPoolExecutor.java:624)
at java.lang.Thread.run(Thread.java:748)
... Removed 16 stack frames]]>
    </failure>
  </testcase> <!-- ProfileTestFive -->
  <testcase name="ProfileTestFour" time="0.001" classname="net.student.demo.profile.ProfileTests">
    <failure type="java.lang.NullPointerException">
      <![CDATA[java.lang.NullPointerException
at net.timeandtraining.framework.UI.openURL(UI.java:20)
at net.student.demo.profile.ProfileTests.ProfileTestFour(ProfileTests.java:25)
at java.util.concurrent.FutureTask.run(FutureTask.java:266)
at java.util.concurrent.ThreadPoolExecutor.runWorker(ThreadPoolExecutor.java:1149)
at java.util.concurrent.ThreadPoolExecutor$Worker.run(ThreadPoolExecutor.java:624)
at java.lang.Thread.run(Thread.java:748)
... Removed 16 stack frames]]>
    </failure>
  </testcase> <!-- ProfileTestFour -->
  <testcase name="ProfileTestNine" time="0.001" classname="net.student.demo.profile.ProfileTests">
    <failure type="java.lang.NullPointerException">
      <![CDATA[java.lang.NullPointerException
at net.timeandtraining.framework.UI.openURL(UI.java:20)
at net.student.demo.profile.ProfileTests.ProfileTestNine(ProfileTests.java:45)
at java.util.concurrent.FutureTask.run(FutureTask.java:266)
at java.util.concurrent.ThreadPoolExecutor.runWorker(ThreadPoolExecutor.java:1149)
at java.util.concurrent.ThreadPoolExecutor$Worker.run(ThreadPoolExecutor.java:624)
at java.lang.Thread.run(Thread.java:748)
... Removed 16 stack frames]]>
    </failure>
  </testcase> <!-- ProfileTestNine -->
  <testcase name="ProfileTestOne" time="0.001" classname="net.student.demo.profile.ProfileTests">
    <failure type="java.lang.NullPointerException">
      <![CDATA[java.lang.NullPointerException
at net.timeandtraining.framework.UI.openURL(UI.java:20)
at net.student.demo.profile.ProfileTests.ProfileTestOne(ProfileTests.java:13)
at java.util.concurrent.FutureTask.run(FutureTask.java:266)
at java.util.concurrent.ThreadPoolExecutor.runWorker(ThreadPoolExecutor.java:1149)
at java.util.concurrent.ThreadPoolExecutor$Worker.run(ThreadPoolExecutor.java:624)
at java.lang.Thread.run(Thread.java:748)
... Removed 16 stack frames]]>
    </failure>
  </testcase> <!-- ProfileTestOne -->
  <testcase name="ProfileTestSeven" time="0.001" classname="net.student.demo.profile.ProfileTests">
    <failure type="java.lang.NullPointerException">
      <![CDATA[java.lang.NullPointerException
at net.timeandtraining.framework.UI.openURL(UI.java:20)
at net.student.demo.profile.ProfileTests.ProfileTestSeven(ProfileTests.java:37)
at java.util.concurrent.FutureTask.run(FutureTask.java:266)
at java.util.concurrent.ThreadPoolExecutor.runWorker(ThreadPoolExecutor.java:1149)
at java.util.concurrent.ThreadPoolExecutor$Worker.run(ThreadPoolExecutor.java:624)
at java.lang.Thread.run(Thread.java:748)
... Removed 16 stack frames]]>
    </failure>
  </testcase> <!-- ProfileTestSeven -->
  <testcase name="ProfileTestSix" time="0.001" classname="net.student.demo.profile.ProfileTests">
    <failure type="java.lang.NullPointerException">
      <![CDATA[java.lang.NullPointerException
at net.timeandtraining.framework.UI.openURL(UI.java:20)
at net.student.demo.profile.ProfileTests.ProfileTestSix(ProfileTests.java:33)
at java.util.concurrent.FutureTask.run(FutureTask.java:266)
at java.util.concurrent.ThreadPoolExecutor.runWorker(ThreadPoolExecutor.java:1149)
at java.util.concurrent.ThreadPoolExecutor$Worker.run(ThreadPoolExecutor.java:624)
at java.lang.Thread.run(Thread.java:748)
... Removed 16 stack frames]]>
    </failure>
  </testcase> <!-- ProfileTestSix -->
  <testcase name="ProfileTestTen" time="0.0" classname="net.student.demo.profile.ProfileTests">
    <failure type="java.lang.NullPointerException">
      <![CDATA[java.lang.NullPointerException
at net.timeandtraining.framework.UI.openURL(UI.java:20)
at net.student.demo.profile.ProfileTests.ProfileTestTen(ProfileTests.java:49)
at java.util.concurrent.FutureTask.run(FutureTask.java:266)
at java.util.concurrent.ThreadPoolExecutor.runWorker(ThreadPoolExecutor.java:1149)
at java.util.concurrent.ThreadPoolExecutor$Worker.run(ThreadPoolExecutor.java:624)
at java.lang.Thread.run(Thread.java:748)
... Removed 16 stack frames]]>
    </failure>
  </testcase> <!-- ProfileTestTen -->
  <testcase name="ProfileTestThree" time="0.001" classname="net.student.demo.profile.ProfileTests">
    <failure type="java.lang.NullPointerException">
      <![CDATA[java.lang.NullPointerException
at net.timeandtraining.framework.UI.openURL(UI.java:20)
at net.student.demo.profile.ProfileTests.ProfileTestThree(ProfileTests.java:21)
at java.util.concurrent.FutureTask.run(FutureTask.java:266)
at java.util.concurrent.ThreadPoolExecutor.runWorker(ThreadPoolExecutor.java:1149)
at java.util.concurrent.ThreadPoolExecutor$Worker.run(ThreadPoolExecutor.java:624)
at java.lang.Thread.run(Thread.java:748)
... Removed 16 stack frames]]>
    </failure>
  </testcase> <!-- ProfileTestThree -->
  <testcase name="ProfileTestTwo" time="0.0" classname="net.student.demo.profile.ProfileTests">
    <failure type="java.lang.NullPointerException">
      <![CDATA[java.lang.NullPointerException
at net.timeandtraining.framework.UI.openURL(UI.java:20)
at net.student.demo.profile.ProfileTests.ProfileTestTwo(ProfileTests.java:17)
at java.util.concurrent.FutureTask.run(FutureTask.java:266)
at java.util.concurrent.ThreadPoolExecutor.runWorker(ThreadPoolExecutor.java:1149)
at java.util.concurrent.ThreadPoolExecutor$Worker.run(ThreadPoolExecutor.java:624)
at java.lang.Thread.run(Thread.java:748)
... Removed 16 stack frames]]>
    </failure>
  </testcase> <!-- ProfileTestTwo -->
</testsuite> <!-- profile test with ie browser -->
