<?xml version="1.0" encoding="UTF-8"?>
<!-- Generated by org.testng.reporters.JUnitXMLReporter -->
<testsuite hostname="DESKTOPOFREJA" ignored="0" name="PurchaseTestsByChrome" tests="2" failures="0" timestamp="10 Aug 2018 17:01:48 GMT" time="6.5" errors="0">
  <testcase name="PurchaseTestOne" time="1.796" classname="net.student.demo.purchase.PurchaseTests"/>
  <testcase name="PurchaseTestTwo" time="1.231" classname="net.student.demo.purchase.PurchaseTests"/>
</testsuite> <!-- PurchaseTestsByChrome -->
