<?xml version="1.0" encoding="UTF-8"?>
<!-- Generated by org.testng.reporters.JUnitXMLReporter -->
<testsuite hostname="DESKTOPOFREJA" ignored="0" name="ProductTestsByChrome" tests="10" failures="0" timestamp="10 Aug 2018 02:39:50 GMT" time="0.105" errors="0">
  <testcase name="ProductTestsEight" time="0.015" classname="net.student.demo.product.ProductTests"/>
  <testcase name="ProductTestsFive" time="0.003" classname="net.student.demo.product.ProductTests"/>
  <testcase name="ProductTestsFour" time="0.002" classname="net.student.demo.product.ProductTests"/>
  <testcase name="ProductTestsNine" time="0.003" classname="net.student.demo.product.ProductTests"/>
  <testcase name="ProductTestsOne" time="0.003" classname="net.student.demo.product.ProductTests"/>
  <testcase name="ProductTestsSeven" time="0.001" classname="net.student.demo.product.ProductTests"/>
  <testcase name="ProductTestsSix" time="0.002" classname="net.student.demo.product.ProductTests"/>
  <testcase name="ProductTestsTen" time="0.002" classname="net.student.demo.product.ProductTests"/>
  <testcase name="ProductTestsThree" time="0.001" classname="net.student.demo.product.ProductTests"/>
  <testcase name="ProductTestsTwo" time="0.002" classname="net.student.demo.product.ProductTests"/>
</testsuite> <!-- ProductTestsByChrome -->
